<?xml version="1.0" encoding="UTF-8"?>
<!-- Generated by org.testng.reporters.JUnitXMLReporter -->
<testsuite ignored="0" hostname="Deepak" failures="0" tests="13" name="Chrome execution" time="218.809" errors="0" timestamp="2023-03-17T17:44:28 IST">
  <testcase classname="ConduitHomePageTest" name="assertPaginationHomePage" time="4.104"/>
  <testcase classname="ConduitHomePageTest" name="assertThatListTagsGreaterThan100" time="0.333"/>
  <testcase classname="ConduitHomePageTest" name="assertThatNumberOfArticlesEquals10GlobalFeed" time="0.065"/>
  <testcase classname="ConduitHomePageTest" name="assertThatNumberOfArticlesInSpecificTag" time="1.029"/>
  <testcase classname="ConduitSettingsTest" name="assertThatSettingsPageIsAccessible" time="2.742"/>
  <testcase classname="ConduitEditorPageTest" name="assertForAddingNewArticle" time="7.068"/>
  <testcase classname="ConduitEditorPageTest" name="assertForCommentSectionSavedArticle" time="6.1"/>
  <testcase classname="ConduitEditorPageTest" name="assertForDeleteArticleButtonNotVisibleNonAuthorArticle" time="6.128"/>
  <testcase classname="ConduitEditorPageTest" name="assertForDeletingArticle" time="7.7"/>
  <testcase classname="ConduitEditorPageTest" name="assertForEditingSavedArticle" time="5.574"/>
  <testcase classname="ConduitEditorPageTest" name="assertForSavingOfNewCommentUsingCommentSection" time="9.462"/>
  <testcase classname="ConduitProfilePageTest" name="assertForUserInfoUnderProfileSection" time="2.409"/>
  <testcase classname="ConduitProfilePageTest" name="assertForUserProfileSettingsSection" time="2.704"/>
</testsuite> <!-- Chrome execution -->
